21 Sep 2009 10:47:44 PM - <0> - Report created.
21 Sep 2009 10:47:44 PM - <2> - Initialize posting log file
21 Sep 2009 10:47:44 PM - <2> - Using MP run version 11.00 and post components version 10.00
21 Sep 2009 10:47:44 PM - <2> - Initiate opening the post processor file(s).
21 Sep 2009 10:47:44 PM - <2> - Post processor file name: C:\MCAMX\MILL\POSTS\GENERIC FANUC 3X MILL.PST
21 Sep 2009 10:47:44 PM - <2> - The post processor file has been successfully opened.
21 Sep 2009 10:47:44 PM - <2> - Post version information (input):
21 Sep 2009 10:47:44 PM - <2> - UPDATEPOST Version 11. was used to modify this file.
21 Sep 2009 10:47:44 PM - <2> - The file was modified by this product on 29 Apr 05 08:51:55
21 Sep 2009 10:47:44 PM - <2> - The post was written to run with Mastercam Version 11.
21 Sep 2009 10:47:44 PM - <2> - The post product type is Mill.
21 Sep 2009 10:47:44 PM - <2> - Initialization of pre-defined post variables, strings, postblocks was successful.
21 Sep 2009 10:47:44 PM - <2> - Search for defined post variables, strings, postblocks was successful.
21 Sep 2009 10:47:44 PM - <2> - CONTROL DEFINITION - - Post variable 'err_file$' was re-initialized from 0. to 1.
21 Sep 2009 10:47:44 PM - <2> - CONTROL DEFINITION - - Post variable 'dec_seq_right$' was re-initialized from 3. to 0.
21 Sep 2009 10:47:44 PM - <2> - CONTROL DEFINITION - - Post variable 'sub_seq_typ$' was re-initialized from 0. to 1.
21 Sep 2009 10:47:44 PM - <2> - CONTROL DEFINITION - - Post variable 'workcoord$' was re-initialized from 3. to 1.
21 Sep 2009 10:47:44 PM - <2> - CONTROL DEFINITION - - Post variable 'arctype$' was re-initialized from 2. to 5.
21 Sep 2009 10:47:44 PM - <2> - CONTROL DEFINITION - - Post variable 'arctypexz$' was re-initialized from 2. to 5.
21 Sep 2009 10:47:44 PM - <2> - CONTROL DEFINITION - - Post variable 'arctypeyz$' was re-initialized from 2. to 5.
21 Sep 2009 10:47:44 PM - <2> - CONTROL DEFINITION - - Post variable 'larctype$' was re-initialized from 2. to 5.
21 Sep 2009 10:47:44 PM - <2> - CONTROL DEFINITION - - Post variable 'larctypexz$' was re-initialized from 2. to 5.
21 Sep 2009 10:47:44 PM - <2> - CONTROL DEFINITION - - Post variable 'larctypeyz$' was re-initialized from 2. to 5.
21 Sep 2009 10:47:44 PM - <2> - CONTROL DEFINITION - - Post variable 'arccheck$' was re-initialized from 1. to 111.
21 Sep 2009 10:47:44 PM - <2> - CONTROL DEFINITION - - Post variable 'larccheck$' was re-initialized from 1. to 111.
21 Sep 2009 10:47:44 PM - <2> - CONTROL DEFINITION - - Post variable 'rotfeed4$' was re-initialized from 2. to 1.
21 Sep 2009 10:47:44 PM - <2> - CONTROL DEFINITION - - Post variable 'rotfeed5$' was re-initialized from 3. to 1.
21 Sep 2009 10:47:44 PM - <2> - CONTROL DEFINITION - - Post variable 'lrotfeed4$' was re-initialized from 2. to 1.
21 Sep 2009 10:47:44 PM - <2> - CONTROL DEFINITION - - Post variable 'lrotfeed5$' was re-initialized from 0. to 1.
21 Sep 2009 10:47:44 PM - <2> - CONTROL DEFINITION - - Post variable 'sub_level$' was re-initialized from 1. to 0.
21 Sep 2009 10:47:44 PM - <2> - CONTROL DEFINITION - - Post variable 'peckacel$' was re-initialized from 0. to 1.
21 Sep 2009 10:47:44 PM - <2> - CONTROL DEFINITION - - Post variable 'usecantap$' was re-initialized from 1. to 0.
21 Sep 2009 10:47:44 PM - <2> - CONTROL DEFINITION - - Post variable 'lusecantap$' was re-initialized from 1. to 0.
21 Sep 2009 10:47:44 PM - <2> - Successful completion of posting process!
